app/build/outputs/logs/manifest-merger-debug-report.txt
-- Merging decision tree log ---
manifest
ADDED from src\main\AndroidManifest.xml:2:1-32:12
	package
		ADDED from src\main\AndroidManifest.xml:3:5-56
		INJECTED from src\main\AndroidManifest.xml
		INJECTED from src\main\AndroidManifest.xml
	android:versionName
		INJECTED from src\main\AndroidManifest.xml
		INJECTED from src\main\AndroidManifest.xml
	xmlns:android
		ADDED from src\main\AndroidManifest.xml:2:11-69
	android:versionCode
		INJECTED from src\main\AndroidManifest.xml
		INJECTED from src\main\AndroidManifest.xml
uses-permission#android.permission.INTERNET
ADDED from src\main\AndroidManifest.xml:4:5-67
MERGED from [com.google.firebase:firebase-analytics:9.4.0] AndroidManifest.xml:21:5-67
MERGED from [com.google.firebase:firebase-analytics-impl:9.4.0] AndroidManifest.xml:21:5-67
MERGED from [com.google.firebase:firebase-iid:9.4.0] AndroidManifest.xml:21:5-67
MERGED from [com.twitter.sdk.android:tweet-composer:2.2.0] AndroidManifest.xml:25:5-67
MERGED from [com.twitter.sdk.android:tweet-ui:2.2.0] AndroidManifest.xml:25:5-67
MERGED from [com.twitter.sdk.android:twitter-core:2.2.0] AndroidManifest.xml:25:5-67
MERGED from [io.fabric.sdk.android:fabric:1.3.14] AndroidManifest.xml:25:5-67
	android:name
		ADDED from src\main\AndroidManifest.xml:4:22-64
application
ADDED from src\main\AndroidManifest.xml:6:5-29:19
MERGED from [com.facebook.android:facebook-android-sdk:4.17.0] AndroidManifest.xml:28:5-38:19
MERGED from [com.android.support:customtabs:25.0.0] AndroidManifest.xml:22:5-20
MERGED from [com.android.support:design:24.2.1] AndroidManifest.xml:22:5-20
MERGED from [com.google.firebase:firebase-auth:9.4.0] AndroidManifest.xml:20:5-21:19
MERGED from [com.google.firebase:firebase-auth-common:9.4.0] AndroidManifest.xml:20:5-21:19
MERGED from [com.google.firebase:firebase-core:9.4.0] AndroidManifest.xml:5:5-20
MERGED from [com.google.firebase:firebase-analytics:9.4.0] AndroidManifest.xml:26:5-41:19
MERGED from [com.google.firebase:firebase-analytics-impl:9.4.0] AndroidManifest.xml:26:5-41:19
MERGED from [com.google.firebase:firebase-iid:9.4.0] AndroidManifest.xml:30:5-59:19
MERGED from [com.alexzh:circleimageview:1.2.0] AndroidManifest.xml:11:5-14:19
MERGED from [com.android.support:appcompat-v7:25.0.0] AndroidManifest.xml:25:5-20
MERGED from [com.android.support:animated-vector-drawable:25.0.0] AndroidManifest.xml:22:5-20
MERGED from [com.android.support:support-vector-drawable:25.0.0] AndroidManifest.xml:23:5-20
MERGED from [com.android.support:cardview-v7:25.0.0] AndroidManifest.xml:22:5-20
MERGED from [com.twitter.sdk.android:twitter:2.2.0] AndroidManifest.xml:25:5-20
MERGED from [com.twitter.sdk.android:tweet-composer:2.2.0] AndroidManifest.xml:27:5-37:19
MERGED from [com.twitter.sdk.android:tweet-ui:2.2.0] AndroidManifest.xml:27:5-35:19
MERGED from [com.twitter.sdk.android:twitter-core:2.2.0] AndroidManifest.xml:27:5-40:19
MERGED from [io.fabric.sdk.android:fabric:1.3.14] AndroidManifest.xml:27:5-20
MERGED from [com.google.android.gms:play-services-base:9.4.0] AndroidManifest.xml:19:5-23:19
MERGED from [com.google.firebase:firebase-common:9.4.0] AndroidManifest.xml:5:5-12:19
MERGED from [com.google.android.gms:play-services-tasks:9.4.0] AndroidManifest.xml:5:5-20
MERGED from [com.google.android.gms:play-services-basement:9.4.0] AndroidManifest.xml:20:5-24:19
MERGED from [com.android.support:support-v4:25.0.0] AndroidManifest.xml:25:5-20
MERGED from [com.android.support:support-fragment:25.0.0] AndroidManifest.xml:25:5-20
MERGED from [com.android.support:support-media-compat:25.0.0] AndroidManifest.xml:25:5-20
MERGED from [com.android.support:support-core-ui:25.0.0] AndroidManifest.xml:25:5-20
MERGED from [com.android.support:support-core-utils:25.0.0] AndroidManifest.xml:25:5-20
MERGED from [com.android.support:support-compat:25.0.0] AndroidManifest.xml:25:5-20
	android:label
		ADDED from src\main\AndroidManifest.xml:9:9-41
	android:supportsRtl
		ADDED from src\main\AndroidManifest.xml:10:9-35
	android:allowBackup
		ADDED from src\main\AndroidManifest.xml:7:9-35
	android:icon
		ADDED from src\main\AndroidManifest.xml:8:9-47
	android:theme
		ADDED from src\main\AndroidManifest.xml:11:9-59
activity#com.example.nicolaslopezf.entregablefinal.view.ActivityLogin
ADDED from src\main\AndroidManifest.xml:13:9-18:20
	android:name
		ADDED from src\main\AndroidManifest.xml:13:19-53
intent-filter#android.intent.action.MAIN+android.intent.category.LAUNCHER
ADDED from src\main\AndroidManifest.xml:14:13-17:29
action#android.intent.action.MAIN
ADDED from src\main\AndroidManifest.xml:15:17-69
	android:name
		ADDED from src\main\AndroidManifest.xml:15:25-66
category#android.intent.category.LAUNCHER
ADDED from src\main\AndroidManifest.xml:16:17-77
	android:name
		ADDED from src\main\AndroidManifest.xml:16:27-74
activity#com.example.nicolaslopezf.entregablefinal.view.MainActivity
ADDED from src\main\AndroidManifest.xml:19:9-23:20
	android:screenOrientation
		ADDED from src\main\AndroidManifest.xml:20:13-49
	android:configChanges
		ADDED from src\main\AndroidManifest.xml:21:13-74
	android:name
		ADDED from src\main\AndroidManifest.xml:19:19-52
meta-data#io.fabric.ApiKey
ADDED from src\main\AndroidManifest.xml:24:9-27:72
	android:value
		ADDED from src\main\AndroidManifest.xml:27:13-69
	android:name
		ADDED from src\main\AndroidManifest.xml:26:13-44
meta-data#com.facebook.sdk.ApplicationId
ADDED from src\main\AndroidManifest.xml:28:9-107
	android:value
		ADDED from src\main\AndroidManifest.xml:28:66-105
	android:name
		ADDED from src\main\AndroidManifest.xml:28:20-65
uses-sdk
INJECTED from src\main\AndroidManifest.xml reason: use-sdk injection requested
MERGED from [com.facebook.android:facebook-android-sdk:4.17.0] AndroidManifest.xml:24:5-26:41
MERGED from [com.android.support:customtabs:25.0.0] AndroidManifest.xml:20:5-44
MERGED from [com.android.support:design:24.2.1] AndroidManifest.xml:20:5-43
MERGED from [com.android.support:recyclerview-v7:24.2.1] AndroidManifest.xml:20:5-43
MERGED from [com.google.firebase:firebase-auth:9.4.0] AndroidManifest.xml:18:5-43
MERGED from [com.google.firebase:firebase-auth-common:9.4.0] AndroidManifest.xml:18:5-43
MERGED from [com.google.firebase:firebase-auth-module:9.4.0] AndroidManifest.xml:4:5-43
MERGED from [com.google.firebase:firebase-core:9.4.0] AndroidManifest.xml:4:5-42
MERGED from [com.google.firebase:firebase-analytics:9.4.0] AndroidManifest.xml:18:5-42
MERGED from [com.google.firebase:firebase-analytics-impl:9.4.0] AndroidManifest.xml:18:5-42
MERGED from [com.google.firebase:firebase-iid:9.4.0] AndroidManifest.xml:18:5-42
MERGED from [com.google.firebase:firebase-database:9.4.0] AndroidManifest.xml:5:5-43
MERGED from [com.google.firebase:firebase-database-connection:9.4.0] AndroidManifest.xml:5:5-43
MERGED from [com.alexzh:circleimageview:1.2.0] AndroidManifest.xml:7:5-9:41
MERGED from [com.android.support:appcompat-v7:25.0.0] AndroidManifest.xml:21:5-23:78
MERGED from [com.android.support:animated-vector-drawable:25.0.0] AndroidManifest.xml:20:5-44
MERGED from [com.android.support:support-vector-drawable:25.0.0] AndroidManifest.xml:21:5-43
MERGED from [com.android.support:cardview-v7:25.0.0] AndroidManifest.xml:20:5-43
MERGED from [com.twitter.sdk.android:twitter:2.2.0] AndroidManifest.xml:23:5-44
MERGED from [com.twitter.sdk.android:tweet-composer:2.2.0] AndroidManifest.xml:23:5-44
MERGED from [com.twitter.sdk.android:tweet-ui:2.2.0] AndroidManifest.xml:23:5-44
MERGED from [com.twitter.sdk.android:twitter-core:2.2.0] AndroidManifest.xml:23:5-44
MERGED from [io.fabric.sdk.android:fabric:1.3.14] AndroidManifest.xml:23:5-43
MERGED from [com.google.firebase:firebase-storage:9.4.0] AndroidManifest.xml:5:5-43
MERGED from [com.google.firebase:firebase-storage-common:9.4.0] AndroidManifest.xml:5:5-43
MERGED from [com.google.android.gms:play-services-base:9.4.0] AndroidManifest.xml:18:5-42
MERGED from [com.google.firebase:firebase-common:9.4.0] AndroidManifest.xml:4:5-43
MERGED from [com.google.android.gms:play-services-tasks:9.4.0] AndroidManifest.xml:4:5-43
MERGED from [com.google.android.gms:play-services-basement:9.4.0] AndroidManifest.xml:18:5-42
MERGED from [com.android.support:support-v4:25.0.0] AndroidManifest.xml:21:5-23:54
MERGED from [com.android.support:support-fragment:25.0.0] AndroidManifest.xml:21:5-23:60
MERGED from [com.android.support:support-media-compat:25.0.0] AndroidManifest.xml:21:5-23:63
MERGED from [com.android.support:support-core-ui:25.0.0] AndroidManifest.xml:21:5-23:58
MERGED from [com.android.support:support-core-utils:25.0.0] AndroidManifest.xml:21:5-23:61
MERGED from [com.android.support:support-compat:25.0.0] AndroidManifest.xml:21:5-23:58
	tools:overrideLibrary
		ADDED from [com.android.support:appcompat-v7:25.0.0] AndroidManifest.xml:23:9-75
	android:targetSdkVersion
		INJECTED from src\main\AndroidManifest.xml
		INJECTED from src\main\AndroidManifest.xml
	android:minSdkVersion
		INJECTED from src\main\AndroidManifest.xml
		INJECTED from src\main\AndroidManifest.xml
activity#com.facebook.FacebookActivity
ADDED from [com.facebook.android:facebook-android-sdk:4.17.0] AndroidManifest.xml:29:9-32:66
	android:configChanges
		ADDED from [com.facebook.android:facebook-android-sdk:4.17.0] AndroidManifest.xml:31:13-96
	android:theme
		ADDED from [com.facebook.android:facebook-android-sdk:4.17.0] AndroidManifest.xml:32:13-63
	android:name
		ADDED from [com.facebook.android:facebook-android-sdk:4.17.0] AndroidManifest.xml:30:13-57
activity#com.facebook.CustomTabActivity
ADDED from [com.facebook.android:facebook-android-sdk:4.17.0] AndroidManifest.xml:33:9-36:20
	android:exported
		ADDED from [com.facebook.android:facebook-android-sdk:4.17.0] AndroidManifest.xml:35:13-36
	android:name
		ADDED from [com.facebook.android:facebook-android-sdk:4.17.0] AndroidManifest.xml:34:13-58
activity#com.facebook.CustomTabMainActivity
ADDED from [com.facebook.android:facebook-android-sdk:4.17.0] AndroidManifest.xml:37:9-71
	android:name
		ADDED from [com.facebook.android:facebook-android-sdk:4.17.0] AndroidManifest.xml:37:19-68
uses-permission#android.permission.ACCESS_NETWORK_STATE
ADDED from [com.google.firebase:firebase-analytics:9.4.0] AndroidManifest.xml:22:5-79
MERGED from [com.google.firebase:firebase-analytics-impl:9.4.0] AndroidManifest.xml:22:5-79
MERGED from [com.google.firebase:firebase-iid:9.4.0] AndroidManifest.xml:20:5-79
	android:name
		ADDED from [com.google.firebase:firebase-analytics:9.4.0] AndroidManifest.xml:22:22-76
uses-permission#android.permission.WAKE_LOCK
ADDED from [com.google.firebase:firebase-analytics:9.4.0] AndroidManifest.xml:24:5-67
MERGED from [com.google.firebase:firebase-analytics-impl:9.4.0] AndroidManifest.xml:24:5-67
MERGED from [com.google.firebase:firebase-iid:9.4.0] AndroidManifest.xml:22:5-68
	android:name
		ADDED from [com.google.firebase:firebase-analytics:9.4.0] AndroidManifest.xml:24:22-65
receiver#com.google.android.gms.measurement.AppMeasurementReceiver
ADDED from [com.google.firebase:firebase-analytics:9.4.0] AndroidManifest.xml:28:7-34:18
MERGED from [com.google.firebase:firebase-analytics-impl:9.4.0] AndroidManifest.xml:28:7-34:18
	android:enabled
		ADDED from [com.google.firebase:firebase-analytics:9.4.0] AndroidManifest.xml:30:11-33
	android:name
		ADDED from [com.google.firebase:firebase-analytics:9.4.0] AndroidManifest.xml:29:11-83
intent-filter#com.google.android.gms.measurement.UPLOAD
ADDED from [com.google.firebase:firebase-analytics:9.4.0] AndroidManifest.xml:31:9-33:25
action#com.google.android.gms.measurement.UPLOAD
ADDED from [com.google.firebase:firebase-analytics:9.4.0] AndroidManifest.xml:32:11-77
	android:name
		ADDED from [com.google.firebase:firebase-analytics:9.4.0] AndroidManifest.xml:32:19-75
service#com.google.android.gms.measurement.AppMeasurementService
ADDED from [com.google.firebase:firebase-analytics:9.4.0] AndroidManifest.xml:36:7-39:37
MERGED from [com.google.firebase:firebase-analytics-impl:9.4.0] AndroidManifest.xml:36:7-39:37
	android:enabled
		ADDED from [com.google.firebase:firebase-analytics:9.4.0] AndroidManifest.xml:38:11-33
	android:exported
		ADDED from [com.google.firebase:firebase-analytics:9.4.0] AndroidManifest.xml:39:11-35
	android:name
		ADDED from [com.google.firebase:firebase-analytics:9.4.0] AndroidManifest.xml:37:11-82
uses-permission#com.google.android.c2dm.permission.RECEIVE
ADDED from [com.google.firebase:firebase-iid:9.4.0] AndroidManifest.xml:23:5-82
	android:name
		ADDED from [com.google.firebase:firebase-iid:9.4.0] AndroidManifest.xml:23:22-79
permission#${applicationId}.permission.C2D_MESSAGE
ADDED from [com.google.firebase:firebase-iid:9.4.0] AndroidManifest.xml:25:5-26:47
	android:protectionLevel
		ADDED from [com.google.firebase:firebase-iid:9.4.0] AndroidManifest.xml:26:9-44
	android:name
		ADDED from [com.google.firebase:firebase-iid:9.4.0] AndroidManifest.xml:25:17-71
uses-permission#${applicationId}.permission.C2D_MESSAGE
ADDED from [com.google.firebase:firebase-iid:9.4.0] AndroidManifest.xml:28:5-79
	android:name
		ADDED from [com.google.firebase:firebase-iid:9.4.0] AndroidManifest.xml:28:22-76
receiver#com.google.firebase.iid.FirebaseInstanceIdReceiver
ADDED from [com.google.firebase:firebase-iid:9.4.0] AndroidManifest.xml:32:9-41:20
	android:exported
		ADDED from [com.google.firebase:firebase-iid:9.4.0] AndroidManifest.xml:34:13-36
	android:permission
		ADDED from [com.google.firebase:firebase-iid:9.4.0] AndroidManifest.xml:35:13-73
	android:name
		ADDED from [com.google.firebase:firebase-iid:9.4.0] AndroidManifest.xml:33:13-78
intent-filter#${applicationId}+com.google.android.c2dm.intent.RECEIVE+com.google.android.c2dm.intent.REGISTRATION
ADDED from [com.google.firebase:firebase-iid:9.4.0] AndroidManifest.xml:36:13-40:29
action#com.google.android.c2dm.intent.RECEIVE
ADDED from [com.google.firebase:firebase-iid:9.4.0] AndroidManifest.xml:37:17-81
	android:name
		ADDED from [com.google.firebase:firebase-iid:9.4.0] AndroidManifest.xml:37:25-78
action#com.google.android.c2dm.intent.REGISTRATION
ADDED from [com.google.firebase:firebase-iid:9.4.0] AndroidManifest.xml:38:17-86
	android:name
		ADDED from [com.google.firebase:firebase-iid:9.4.0] AndroidManifest.xml:38:25-83
category#${applicationId}
ADDED from [com.google.firebase:firebase-iid:9.4.0] AndroidManifest.xml:39:17-61
	android:name
		ADDED from [com.google.firebase:firebase-iid:9.4.0] AndroidManifest.xml:39:27-58
receiver#com.google.firebase.iid.FirebaseInstanceIdInternalReceiver
ADDED from [com.google.firebase:firebase-iid:9.4.0] AndroidManifest.xml:45:9-47:40
	android:exported
		ADDED from [com.google.firebase:firebase-iid:9.4.0] AndroidManifest.xml:47:13-37
	android:name
		ADDED from [com.google.firebase:firebase-iid:9.4.0] AndroidManifest.xml:46:13-86
service#com.google.firebase.iid.FirebaseInstanceIdService
ADDED from [com.google.firebase:firebase-iid:9.4.0] AndroidManifest.xml:51:9-57:19
	android:exported
		ADDED from [com.google.firebase:firebase-iid:9.4.0] AndroidManifest.xml:53:13-36
	android:name
		ADDED from [com.google.firebase:firebase-iid:9.4.0] AndroidManifest.xml:52:13-77
intent-filter#com.google.firebase.INSTANCE_ID_EVENT
ADDED from [com.google.firebase:firebase-iid:9.4.0] AndroidManifest.xml:54:13-56:29
	android:priority
		ADDED from [com.google.firebase:firebase-iid:9.4.0] AndroidManifest.xml:54:28-51
action#com.google.firebase.INSTANCE_ID_EVENT
ADDED from [com.google.firebase:firebase-iid:9.4.0] AndroidManifest.xml:55:17-80
	android:name
		ADDED from [com.google.firebase:firebase-iid:9.4.0] AndroidManifest.xml:55:25-77
activity#com.twitter.sdk.android.tweetcomposer.ComposerActivity
ADDED from [com.twitter.sdk.android:tweet-composer:2.2.0] AndroidManifest.xml:28:9-31:71
	android:exported
		ADDED from [com.twitter.sdk.android:tweet-composer:2.2.0] AndroidManifest.xml:30:13-37
	android:windowSoftInputMode
		ADDED from [com.twitter.sdk.android:tweet-composer:2.2.0] AndroidManifest.xml:31:13-68
	android:name
		ADDED from [com.twitter.sdk.android:tweet-composer:2.2.0] AndroidManifest.xml:29:13-82
service#com.twitter.sdk.android.tweetcomposer.TweetUploadService
ADDED from [com.twitter.sdk.android:tweet-composer:2.2.0] AndroidManifest.xml:33:9-36:40
	android:enabled
		ADDED from [com.twitter.sdk.android:tweet-composer:2.2.0] AndroidManifest.xml:35:13-35
	android:exported
		ADDED from [com.twitter.sdk.android:tweet-composer:2.2.0] AndroidManifest.xml:36:13-37
	android:name
		ADDED from [com.twitter.sdk.android:tweet-composer:2.2.0] AndroidManifest.xml:34:13-84
activity#com.twitter.sdk.android.tweetui.PlayerActivity
ADDED from [com.twitter.sdk.android:tweet-ui:2.2.0] AndroidManifest.xml:28:9-31:49
	android:configChanges
		ADDED from [com.twitter.sdk.android:tweet-ui:2.2.0] AndroidManifest.xml:30:13-74
	android:theme
		ADDED from [com.twitter.sdk.android:tweet-ui:2.2.0] AndroidManifest.xml:31:13-46
	android:name
		ADDED from [com.twitter.sdk.android:tweet-ui:2.2.0] AndroidManifest.xml:29:13-74
activity#com.twitter.sdk.android.tweetui.GalleryActivity
ADDED from [com.twitter.sdk.android:tweet-ui:2.2.0] AndroidManifest.xml:32:9-34:49
	android:theme
		ADDED from [com.twitter.sdk.android:tweet-ui:2.2.0] AndroidManifest.xml:34:13-46
	android:name
		ADDED from [com.twitter.sdk.android:tweet-ui:2.2.0] AndroidManifest.xml:33:13-75
activity#com.twitter.sdk.android.core.identity.OAuthActivity
ADDED from [com.twitter.sdk.android:twitter-core:2.2.0] AndroidManifest.xml:28:9-32:40
	android:excludeFromRecents
		ADDED from [com.twitter.sdk.android:twitter-core:2.2.0] AndroidManifest.xml:31:13-46
	android:exported
		ADDED from [com.twitter.sdk.android:twitter-core:2.2.0] AndroidManifest.xml:32:13-37
	android:configChanges
		ADDED from [com.twitter.sdk.android:twitter-core:2.2.0] AndroidManifest.xml:30:13-59
	android:name
		ADDED from [com.twitter.sdk.android:twitter-core:2.2.0] AndroidManifest.xml:29:13-79
activity#com.twitter.sdk.android.core.identity.ShareEmailActivity
ADDED from [com.twitter.sdk.android:twitter-core:2.2.0] AndroidManifest.xml:33:9-39:48
	android:label
		ADDED from [com.twitter.sdk.android:twitter-core:2.2.0] AndroidManifest.xml:39:13-45
	android:excludeFromRecents
		ADDED from [com.twitter.sdk.android:twitter-core:2.2.0] AndroidManifest.xml:36:13-46
	android:exported
		ADDED from [com.twitter.sdk.android:twitter-core:2.2.0] AndroidManifest.xml:37:13-37
	android:configChanges
		ADDED from [com.twitter.sdk.android:twitter-core:2.2.0] AndroidManifest.xml:35:13-59
	android:icon
		ADDED from [com.twitter.sdk.android:twitter-core:2.2.0] AndroidManifest.xml:38:13-53
	android:name
		ADDED from [com.twitter.sdk.android:twitter-core:2.2.0] AndroidManifest.xml:34:13-84
activity#com.google.android.gms.common.api.GoogleApiActivity
ADDED from [com.google.android.gms:play-services-base:9.4.0] AndroidManifest.xml:20:9-22:45
	android:exported
		ADDED from [com.google.android.gms:play-services-base:9.4.0] AndroidManifest.xml:22:19-43
	android:theme
		ADDED from [com.google.android.gms:play-services-base:9.4.0] AndroidManifest.xml:21:19-78
	android:name
		ADDED from [com.google.android.gms:play-services-base:9.4.0] AndroidManifest.xml:20:19-85
provider#com.google.firebase.provider.FirebaseInitProvider
ADDED from [com.google.firebase:firebase-common:9.4.0] AndroidManifest.xml:7:9-11:39
	android:authorities
		ADDED from [com.google.firebase:firebase-common:9.4.0] AndroidManifest.xml:8:13-72
	android:exported
		ADDED from [com.google.firebase:firebase-common:9.4.0] AndroidManifest.xml:10:13-37
	android:initOrder
		ADDED from [com.google.firebase:firebase-common:9.4.0] AndroidManifest.xml:11:13-36
	android:name
		ADDED from [com.google.firebase:firebase-common:9.4.0] AndroidManifest.xml:9:13-58
meta-data#com.google.android.gms.version
ADDED from [com.google.android.gms:play-services-basement:9.4.0] AndroidManifest.xml:21:9-23:69
	android:value
		ADDED from [com.google.android.gms:play-services-basement:9.4.0] AndroidManifest.xml:23:13-66
	android:name
		ADDED from [com.google.android.gms:play-services-basement:9.4.0] AndroidManifest.xml:22:13-58